{"D:\\Анастасия\\Desktop\\3 курс\\2 семестр\\арх_прил_бд\\лаб9\\travel-app\\src\\app.controller.ts": {"path":"D:\\Анастасия\\Desktop\\3 курс\\2 семестр\\арх_прил_бд\\лаб9\\travel-app\\src\\app.controller.ts","statementMap":{"0":{"start":{"line":1,"column":0},"end":{"line":1,"column":49}},"1":{"start":{"line":2,"column":0},"end":{"line":2,"column":43}},"2":{"start":{"line":5,"column":7},"end":{"line":12,"column":null}},"3":{"start":{"line":6,"column":31},"end":{"line":6,"column":43}},"4":{"start":{"line":10,"column":4},"end":{"line":10,"column":38}},"5":{"start":{"line":5,"column":13},"end":{"line":5,"column":26}},"6":{"start":{"line":9,"column":2},"end":{"line":11,"column":null}},"7":{"start":{"line":5,"column":13},"end":{"line":12,"column":null}}},"fnMap":{"0":{"name":"(anonymous_2)","decl":{"start":{"line":6,"column":2},"end":{"line":6,"column":31}},"loc":{"start":{"line":6,"column":53},"end":{"line":6,"column":57}}},"1":{"name":"(anonymous_3)","decl":{"start":{"line":9,"column":2},"end":{"line":9,"column":10}},"loc":{"start":{"line":9,"column":10},"end":{"line":11,"column":3}}}},"branchMap":{},"s":{"0":1,"1":1,"2":1,"3":1,"4":1,"5":1,"6":1,"7":1},"f":{"0":1,"1":1},"b":{}}
,"D:\\Анастасия\\Desktop\\3 курс\\2 семестр\\арх_прил_бд\\лаб9\\travel-app\\src\\auth\\auth.controller.ts": {"path":"D:\\Анастасия\\Desktop\\3 курс\\2 семестр\\арх_прил_бд\\лаб9\\travel-app\\src\\auth\\auth.controller.ts","statementMap":{"0":{"start":{"line":1,"column":0},"end":{"line":1,"column":81}},"1":{"start":{"line":2,"column":0},"end":{"line":2,"column":93}},"2":{"start":{"line":3,"column":0},"end":{"line":3,"column":45}},"3":{"start":{"line":4,"column":0},"end":{"line":4,"column":49}},"4":{"start":{"line":5,"column":0},"end":{"line":5,"column":43}},"5":{"start":{"line":6,"column":0},"end":{"line":6,"column":55}},"6":{"start":{"line":10,"column":7},"end":{"line":39,"column":null}},"7":{"start":{"line":11,"column":22},"end":{"line":11,"column":35}},"8":{"start":{"line":19,"column":4},"end":{"line":19,"column":50}},"9":{"start":{"line":27,"column":4},"end":{"line":27,"column":44}},"10":{"start":{"line":37,"column":4},"end":{"line":37,"column":56}},"11":{"start":{"line":10,"column":13},"end":{"line":10,"column":27}},"12":{"start":{"line":18,"column":8},"end":{"line":20,"column":null}},"13":{"start":{"line":26,"column":8},"end":{"line":28,"column":null}},"14":{"start":{"line":36,"column":8},"end":{"line":38,"column":null}},"15":{"start":{"line":10,"column":13},"end":{"line":39,"column":null}}},"fnMap":{"0":{"name":"(anonymous_4)","decl":{"start":{"line":11,"column":2},"end":{"line":11,"column":22}},"loc":{"start":{"line":11,"column":46},"end":{"line":11,"column":50}}},"1":{"name":"(anonymous_5)","decl":{"start":{"line":18,"column":8},"end":{"line":18,"column":16}},"loc":{"start":{"line":18,"column":49},"end":{"line":20,"column":3}}},"2":{"name":"(anonymous_6)","decl":{"start":{"line":26,"column":8},"end":{"line":26,"column":13}},"loc":{"start":{"line":26,"column":40},"end":{"line":28,"column":3}}},"3":{"name":"(anonymous_7)","decl":{"start":{"line":36,"column":8},"end":{"line":36,"column":18}},"loc":{"start":{"line":36,"column":33},"end":{"line":38,"column":3}}}},"branchMap":{},"s":{"0":1,"1":1,"2":1,"3":1,"4":1,"5":1,"6":1,"7":5,"8":2,"9":2,"10":1,"11":1,"12":1,"13":1,"14":1,"15":1},"f":{"0":5,"1":2,"2":2,"3":1},"b":{}}
,"D:\\Анастасия\\Desktop\\3 курс\\2 семестр\\арх_прил_бд\\лаб9\\travel-app\\src\\bookings\\bookings.controller.ts": {"path":"D:\\Анастасия\\Desktop\\3 курс\\2 семестр\\арх_прил_бд\\лаб9\\travel-app\\src\\bookings\\bookings.controller.ts","statementMap":{"0":{"start":{"line":1,"column":0},"end":{"line":1,"column":125}},"1":{"start":{"line":2,"column":0},"end":{"line":2,"column":113}},"2":{"start":{"line":3,"column":0},"end":{"line":3,"column":53}},"3":{"start":{"line":4,"column":0},"end":{"line":4,"column":61}},"4":{"start":{"line":5,"column":0},"end":{"line":5,"column":56}},"5":{"start":{"line":6,"column":0},"end":{"line":6,"column":59}},"6":{"start":{"line":12,"column":7},"end":{"line":108,"column":null}},"7":{"start":{"line":13,"column":31},"end":{"line":13,"column":48}},"8":{"start":{"line":21,"column":24},"end":{"line":24,"column":6}},"9":{"start":{"line":25,"column":4},"end":{"line":25,"column":59}},"10":{"start":{"line":36,"column":4},"end":{"line":36,"column":78}},"11":{"start":{"line":45,"column":4},"end":{"line":47,"column":5}},"12":{"start":{"line":46,"column":6},"end":{"line":46,"column":75}},"13":{"start":{"line":48,"column":4},"end":{"line":48,"column":78}},"14":{"start":{"line":60,"column":4},"end":{"line":60,"column":80}},"15":{"start":{"line":68,"column":4},"end":{"line":68,"column":94}},"16":{"start":{"line":77,"column":4},"end":{"line":77,"column":78}},"17":{"start":{"line":90,"column":4},"end":{"line":90,"column":85}},"18":{"start":{"line":98,"column":4},"end":{"line":98,"column":70}},"19":{"start":{"line":106,"column":4},"end":{"line":106,"column":66}},"20":{"start":{"line":12,"column":13},"end":{"line":12,"column":31}},"21":{"start":{"line":20,"column":8},"end":{"line":26,"column":null}},"22":{"start":{"line":35,"column":8},"end":{"line":37,"column":null}},"23":{"start":{"line":44,"column":8},"end":{"line":49,"column":null}},"24":{"start":{"line":56,"column":8},"end":{"line":61,"column":null}},"25":{"start":{"line":67,"column":8},"end":{"line":69,"column":null}},"26":{"start":{"line":76,"column":8},"end":{"line":78,"column":null}},"27":{"start":{"line":85,"column":8},"end":{"line":91,"column":null}},"28":{"start":{"line":97,"column":8},"end":{"line":99,"column":null}},"29":{"start":{"line":105,"column":8},"end":{"line":107,"column":null}},"30":{"start":{"line":12,"column":13},"end":{"line":108,"column":null}}},"fnMap":{"0":{"name":"(anonymous_4)","decl":{"start":{"line":13,"column":2},"end":{"line":13,"column":31}},"loc":{"start":{"line":13,"column":63},"end":{"line":13,"column":67}}},"1":{"name":"(anonymous_5)","decl":{"start":{"line":20,"column":8},"end":{"line":20,"column":21}},"loc":{"start":{"line":20,"column":67},"end":{"line":26,"column":3}}},"2":{"name":"(anonymous_6)","decl":{"start":{"line":35,"column":8},"end":{"line":35,"column":26}},"loc":{"start":{"line":35,"column":68},"end":{"line":37,"column":3}}},"3":{"name":"(anonymous_7)","decl":{"start":{"line":44,"column":8},"end":{"line":44,"column":28}},"loc":{"start":{"line":44,"column":90},"end":{"line":49,"column":3}}},"4":{"name":"(anonymous_8)","decl":{"start":{"line":56,"column":8},"end":{"line":56,"column":26}},"loc":{"start":{"line":58,"column":31},"end":{"line":61,"column":3}}},"5":{"name":"(anonymous_9)","decl":{"start":{"line":67,"column":8},"end":{"line":67,"column":29}},"loc":{"start":{"line":67,"column":79},"end":{"line":69,"column":3}}},"6":{"name":"(anonymous_10)","decl":{"start":{"line":76,"column":8},"end":{"line":76,"column":20}},"loc":{"start":{"line":76,"column":76},"end":{"line":78,"column":3}}},"7":{"name":"(anonymous_11)","decl":{"start":{"line":85,"column":8},"end":{"line":85,"column":21}},"loc":{"start":{"line":88,"column":44},"end":{"line":91,"column":3}}},"8":{"name":"(anonymous_12)","decl":{"start":{"line":97,"column":8},"end":{"line":97,"column":27}},"loc":{"start":{"line":97,"column":51},"end":{"line":99,"column":3}}},"9":{"name":"(anonymous_13)","decl":{"start":{"line":105,"column":8},"end":{"line":105,"column":23}},"loc":{"start":{"line":105,"column":47},"end":{"line":107,"column":3}}}},"branchMap":{"0":{"loc":{"start":{"line":45,"column":4},"end":{"line":47,"column":5}},"type":"if","locations":[{"start":{"line":45,"column":4},"end":{"line":47,"column":5}},{"start":{},"end":{}}]}},"s":{"0":1,"1":1,"2":1,"3":1,"4":1,"5":1,"6":1,"7":10,"8":1,"9":1,"10":1,"11":2,"12":1,"13":1,"14":1,"15":1,"16":1,"17":1,"18":1,"19":1,"20":1,"21":1,"22":1,"23":1,"24":1,"25":1,"26":1,"27":1,"28":1,"29":1,"30":1},"f":{"0":10,"1":1,"2":1,"3":2,"4":1,"5":1,"6":1,"7":1,"8":1,"9":1},"b":{"0":[1,1]}}
,"D:\\Анастасия\\Desktop\\3 курс\\2 семестр\\арх_прил_бд\\лаб9\\travel-app\\src\\guides\\guides.controller.ts": {"path":"D:\\Анастасия\\Desktop\\3 курс\\2 семестр\\арх_прил_бд\\лаб9\\travel-app\\src\\guides\\guides.controller.ts","statementMap":{"0":{"start":{"line":1,"column":0},"end":{"line":1,"column":78}},"1":{"start":{"line":2,"column":0},"end":{"line":2,"column":94}},"2":{"start":{"line":3,"column":0},"end":{"line":3,"column":49}},"3":{"start":{"line":4,"column":0},"end":{"line":4,"column":61}},"4":{"start":{"line":8,"column":7},"end":{"line":48,"column":null}},"5":{"start":{"line":9,"column":31},"end":{"line":9,"column":46}},"6":{"start":{"line":15,"column":4},"end":{"line":15,"column":60}},"7":{"start":{"line":24,"column":4},"end":{"line":24,"column":60}},"8":{"start":{"line":35,"column":4},"end":{"line":35,"column":68}},"9":{"start":{"line":46,"column":4},"end":{"line":46,"column":83}},"10":{"start":{"line":8,"column":13},"end":{"line":8,"column":29}},"11":{"start":{"line":14,"column":8},"end":{"line":16,"column":null}},"12":{"start":{"line":23,"column":8},"end":{"line":25,"column":null}},"13":{"start":{"line":34,"column":8},"end":{"line":36,"column":null}},"14":{"start":{"line":45,"column":8},"end":{"line":47,"column":null}},"15":{"start":{"line":8,"column":13},"end":{"line":48,"column":null}}},"fnMap":{"0":{"name":"(anonymous_4)","decl":{"start":{"line":9,"column":2},"end":{"line":9,"column":31}},"loc":{"start":{"line":9,"column":59},"end":{"line":9,"column":63}}},"1":{"name":"(anonymous_5)","decl":{"start":{"line":14,"column":8},"end":{"line":14,"column":15}},"loc":{"start":{"line":14,"column":15},"end":{"line":16,"column":3}}},"2":{"name":"(anonymous_6)","decl":{"start":{"line":23,"column":8},"end":{"line":23,"column":15}},"loc":{"start":{"line":23,"column":47},"end":{"line":25,"column":3}}},"3":{"name":"(anonymous_7)","decl":{"start":{"line":34,"column":8},"end":{"line":34,"column":18}},"loc":{"start":{"line":34,"column":50},"end":{"line":36,"column":3}}},"4":{"name":"(anonymous_8)","decl":{"start":{"line":45,"column":8},"end":{"line":45,"column":21}},"loc":{"start":{"line":45,"column":78},"end":{"line":47,"column":3}}}},"branchMap":{},"s":{"0":1,"1":1,"2":1,"3":1,"4":1,"5":5,"6":1,"7":2,"8":1,"9":1,"10":1,"11":1,"12":1,"13":1,"14":1,"15":1},"f":{"0":5,"1":1,"2":2,"3":1,"4":1},"b":{}}
,"D:\\Анастасия\\Desktop\\3 курс\\2 семестр\\арх_прил_бд\\лаб9\\travel-app\\src\\places\\places.controller.ts": {"path":"D:\\Анастасия\\Desktop\\3 курс\\2 семестр\\арх_прил_бд\\лаб9\\travel-app\\src\\places\\places.controller.ts","statementMap":{"0":{"start":{"line":1,"column":0},"end":{"line":1,"column":108}},"1":{"start":{"line":2,"column":0},"end":{"line":2,"column":104}},"2":{"start":{"line":3,"column":0},"end":{"line":3,"column":49}},"3":{"start":{"line":4,"column":0},"end":{"line":4,"column":61}},"4":{"start":{"line":5,"column":0},"end":{"line":5,"column":56}},"5":{"start":{"line":6,"column":0},"end":{"line":6,"column":59}},"6":{"start":{"line":10,"column":7},"end":{"line":158,"column":null}},"7":{"start":{"line":11,"column":31},"end":{"line":11,"column":46}},"8":{"start":{"line":17,"column":4},"end":{"line":17,"column":40}},"9":{"start":{"line":25,"column":21},"end":{"line":25,"column":52}},"10":{"start":{"line":26,"column":24},"end":{"line":26,"column":54}},"11":{"start":{"line":27,"column":4},"end":{"line":27,"column":54}},"12":{"start":{"line":35,"column":4},"end":{"line":35,"column":56}},"13":{"start":{"line":43,"column":4},"end":{"line":43,"column":74}},"14":{"start":{"line":60,"column":20},"end":{"line":60,"column":59}},"15":{"start":{"line":62,"column":22},"end":{"line":62,"column":91}},"16":{"start":{"line":63,"column":2},"end":{"line":63,"column":88}},"17":{"start":{"line":72,"column":4},"end":{"line":72,"column":56}},"18":{"start":{"line":84,"column":4},"end":{"line":84,"column":58}},"19":{"start":{"line":95,"column":4},"end":{"line":95,"column":72}},"20":{"start":{"line":106,"column":4},"end":{"line":106,"column":60}},"21":{"start":{"line":114,"column":4},"end":{"line":114,"column":64}},"22":{"start":{"line":129,"column":4},"end":{"line":129,"column":92}},"23":{"start":{"line":143,"column":4},"end":{"line":143,"column":101}},"24":{"start":{"line":156,"column":4},"end":{"line":156,"column":89}},"25":{"start":{"line":10,"column":13},"end":{"line":10,"column":29}},"26":{"start":{"line":16,"column":8},"end":{"line":18,"column":null}},"27":{"start":{"line":24,"column":8},"end":{"line":28,"column":null}},"28":{"start":{"line":34,"column":8},"end":{"line":36,"column":null}},"29":{"start":{"line":42,"column":8},"end":{"line":44,"column":null}},"30":{"start":{"line":54,"column":6},"end":{"line":64,"column":null}},"31":{"start":{"line":71,"column":8},"end":{"line":73,"column":null}},"32":{"start":{"line":83,"column":8},"end":{"line":85,"column":null}},"33":{"start":{"line":94,"column":8},"end":{"line":96,"column":null}},"34":{"start":{"line":105,"column":8},"end":{"line":107,"column":null}},"35":{"start":{"line":113,"column":8},"end":{"line":115,"column":null}},"36":{"start":{"line":124,"column":8},"end":{"line":130,"column":null}},"37":{"start":{"line":138,"column":8},"end":{"line":144,"column":null}},"38":{"start":{"line":152,"column":8},"end":{"line":157,"column":null}},"39":{"start":{"line":10,"column":13},"end":{"line":158,"column":null}}},"fnMap":{"0":{"name":"(anonymous_4)","decl":{"start":{"line":11,"column":2},"end":{"line":11,"column":31}},"loc":{"start":{"line":11,"column":59},"end":{"line":11,"column":63}}},"1":{"name":"(anonymous_5)","decl":{"start":{"line":16,"column":8},"end":{"line":16,"column":15}},"loc":{"start":{"line":16,"column":15},"end":{"line":18,"column":3}}},"2":{"name":"(anonymous_6)","decl":{"start":{"line":24,"column":8},"end":{"line":24,"column":21}},"loc":{"start":{"line":24,"column":52},"end":{"line":28,"column":3}}},"3":{"name":"(anonymous_7)","decl":{"start":{"line":34,"column":8},"end":{"line":34,"column":25}},"loc":{"start":{"line":34,"column":57},"end":{"line":36,"column":3}}},"4":{"name":"(anonymous_8)","decl":{"start":{"line":42,"column":8},"end":{"line":42,"column":24}},"loc":{"start":{"line":42,"column":66},"end":{"line":44,"column":3}}},"5":{"name":"(anonymous_9)","decl":{"start":{"line":54,"column":6},"end":{"line":54,"column":18}},"loc":{"start":{"line":58,"column":34},"end":{"line":64,"column":1}}},"6":{"name":"(anonymous_10)","decl":{"start":{"line":71,"column":8},"end":{"line":71,"column":15}},"loc":{"start":{"line":71,"column":39},"end":{"line":73,"column":3}}},"7":{"name":"(anonymous_11)","decl":{"start":{"line":83,"column":8},"end":{"line":83,"column":14}},"loc":{"start":{"line":83,"column":42},"end":{"line":85,"column":3}}},"8":{"name":"(anonymous_12)","decl":{"start":{"line":94,"column":8},"end":{"line":94,"column":14}},"loc":{"start":{"line":94,"column":63},"end":{"line":96,"column":3}}},"9":{"name":"(anonymous_13)","decl":{"start":{"line":105,"column":8},"end":{"line":105,"column":14}},"loc":{"start":{"line":105,"column":38},"end":{"line":107,"column":3}}},"10":{"name":"(anonymous_14)","decl":{"start":{"line":113,"column":8},"end":{"line":113,"column":23}},"loc":{"start":{"line":113,"column":47},"end":{"line":115,"column":3}}},"11":{"name":"(anonymous_15)","decl":{"start":{"line":124,"column":8},"end":{"line":124,"column":22}},"loc":{"start":{"line":127,"column":18},"end":{"line":130,"column":3}}},"12":{"name":"(anonymous_16)","decl":{"start":{"line":138,"column":8},"end":{"line":138,"column":25}},"loc":{"start":{"line":141,"column":18},"end":{"line":144,"column":3}}},"13":{"name":"(anonymous_17)","decl":{"start":{"line":152,"column":8},"end":{"line":152,"column":25}},"loc":{"start":{"line":154,"column":18},"end":{"line":157,"column":3}}}},"branchMap":{"0":{"loc":{"start":{"line":25,"column":21},"end":{"line":25,"column":52}},"type":"cond-expr","locations":[{"start":{"line":25,"column":29},"end":{"line":25,"column":48}},{"start":{"line":25,"column":51},"end":{"line":25,"column":52}}]},"1":{"loc":{"start":{"line":26,"column":24},"end":{"line":26,"column":54}},"type":"cond-expr","locations":[{"start":{"line":26,"column":42},"end":{"line":26,"column":43}},{"start":{"line":26,"column":46},"end":{"line":26,"column":54}}]},"2":{"loc":{"start":{"line":60,"column":20},"end":{"line":60,"column":59}},"type":"cond-expr","locations":[{"start":{"line":60,"column":29},"end":{"line":60,"column":47}},{"start":{"line":60,"column":50},"end":{"line":60,"column":59}}]},"3":{"loc":{"start":{"line":62,"column":22},"end":{"line":62,"column":91}},"type":"cond-expr","locations":[{"start":{"line":62,"column":70},"end":{"line":62,"column":79}},{"start":{"line":62,"column":82},"end":{"line":62,"column":91}}]},"4":{"loc":{"start":{"line":62,"column":23},"end":{"line":62,"column":66}},"type":"binary-expr","locations":[{"start":{"line":62,"column":23},"end":{"line":62,"column":46}},{"start":{"line":62,"column":50},"end":{"line":62,"column":66}}]}},"s":{"0":1,"1":1,"2":1,"3":1,"4":1,"5":1,"6":1,"7":22,"8":1,"9":3,"10":3,"11":3,"12":2,"13":2,"14":4,"15":4,"16":4,"17":2,"18":1,"19":1,"20":1,"21":2,"22":1,"23":1,"24":1,"25":1,"26":1,"27":1,"28":1,"29":1,"30":1,"31":1,"32":1,"33":1,"34":1,"35":1,"36":1,"37":1,"38":1,"39":1},"f":{"0":22,"1":1,"2":3,"3":2,"4":2,"5":4,"6":2,"7":1,"8":1,"9":1,"10":2,"11":1,"12":1,"13":1},"b":{"0":[2,1],"1":[1,2],"2":[2,2],"3":[1,3],"4":[4,2]}}
,"D:\\Анастасия\\Desktop\\3 курс\\2 семестр\\арх_прил_бд\\лаб9\\travel-app\\src\\reviews\\reviews.controller.ts": {"path":"D:\\Анастасия\\Desktop\\3 курс\\2 семестр\\арх_прил_бд\\лаб9\\travel-app\\src\\reviews\\reviews.controller.ts","statementMap":{"0":{"start":{"line":1,"column":0},"end":{"line":1,"column":101}},"1":{"start":{"line":2,"column":0},"end":{"line":2,"column":94}},"2":{"start":{"line":3,"column":0},"end":{"line":3,"column":51}},"3":{"start":{"line":4,"column":0},"end":{"line":4,"column":61}},"4":{"start":{"line":8,"column":7},"end":{"line":186,"column":null}},"5":{"start":{"line":9,"column":31},"end":{"line":9,"column":47}},"6":{"start":{"line":16,"column":4},"end":{"line":16,"column":66}},"7":{"start":{"line":31,"column":4},"end":{"line":37,"column":6}},"8":{"start":{"line":51,"column":4},"end":{"line":56,"column":6}},"9":{"start":{"line":66,"column":4},"end":{"line":66,"column":86}},"10":{"start":{"line":75,"column":4},"end":{"line":75,"column":66}},"11":{"start":{"line":90,"column":4},"end":{"line":96,"column":6}},"12":{"start":{"line":110,"column":4},"end":{"line":115,"column":6}},"13":{"start":{"line":125,"column":4},"end":{"line":125,"column":86}},"14":{"start":{"line":134,"column":4},"end":{"line":134,"column":70}},"15":{"start":{"line":149,"column":4},"end":{"line":155,"column":6}},"16":{"start":{"line":169,"column":4},"end":{"line":174,"column":6}},"17":{"start":{"line":184,"column":4},"end":{"line":184,"column":86}},"18":{"start":{"line":8,"column":13},"end":{"line":8,"column":30}},"19":{"start":{"line":15,"column":8},"end":{"line":17,"column":null}},"20":{"start":{"line":26,"column":8},"end":{"line":38,"column":null}},"21":{"start":{"line":46,"column":8},"end":{"line":57,"column":null}},"22":{"start":{"line":65,"column":8},"end":{"line":67,"column":null}},"23":{"start":{"line":74,"column":8},"end":{"line":76,"column":null}},"24":{"start":{"line":85,"column":8},"end":{"line":97,"column":null}},"25":{"start":{"line":105,"column":8},"end":{"line":116,"column":null}},"26":{"start":{"line":124,"column":8},"end":{"line":126,"column":null}},"27":{"start":{"line":133,"column":8},"end":{"line":135,"column":null}},"28":{"start":{"line":144,"column":8},"end":{"line":156,"column":null}},"29":{"start":{"line":164,"column":8},"end":{"line":175,"column":null}},"30":{"start":{"line":183,"column":8},"end":{"line":185,"column":null}},"31":{"start":{"line":8,"column":13},"end":{"line":186,"column":null}}},"fnMap":{"0":{"name":"(anonymous_4)","decl":{"start":{"line":9,"column":2},"end":{"line":9,"column":31}},"loc":{"start":{"line":9,"column":61},"end":{"line":9,"column":65}}},"1":{"name":"(anonymous_5)","decl":{"start":{"line":15,"column":8},"end":{"line":15,"column":23}},"loc":{"start":{"line":15,"column":57},"end":{"line":17,"column":3}}},"2":{"name":"(anonymous_6)","decl":{"start":{"line":26,"column":8},"end":{"line":26,"column":22}},"loc":{"start":{"line":29,"column":66},"end":{"line":38,"column":3}}},"3":{"name":"(anonymous_7)","decl":{"start":{"line":46,"column":8},"end":{"line":46,"column":25}},"loc":{"start":{"line":49,"column":50},"end":{"line":57,"column":3}}},"4":{"name":"(anonymous_8)","decl":{"start":{"line":65,"column":8},"end":{"line":65,"column":25}},"loc":{"start":{"line":65,"column":77},"end":{"line":67,"column":3}}},"5":{"name":"(anonymous_9)","decl":{"start":{"line":74,"column":8},"end":{"line":74,"column":23}},"loc":{"start":{"line":74,"column":57},"end":{"line":76,"column":3}}},"6":{"name":"(anonymous_10)","decl":{"start":{"line":85,"column":8},"end":{"line":85,"column":22}},"loc":{"start":{"line":88,"column":66},"end":{"line":97,"column":3}}},"7":{"name":"(anonymous_11)","decl":{"start":{"line":105,"column":8},"end":{"line":105,"column":25}},"loc":{"start":{"line":108,"column":50},"end":{"line":116,"column":3}}},"8":{"name":"(anonymous_12)","decl":{"start":{"line":124,"column":8},"end":{"line":124,"column":25}},"loc":{"start":{"line":124,"column":77},"end":{"line":126,"column":3}}},"9":{"name":"(anonymous_13)","decl":{"start":{"line":133,"column":8},"end":{"line":133,"column":23}},"loc":{"start":{"line":133,"column":65},"end":{"line":135,"column":3}}},"10":{"name":"(anonymous_14)","decl":{"start":{"line":144,"column":8},"end":{"line":144,"column":22}},"loc":{"start":{"line":147,"column":66},"end":{"line":156,"column":3}}},"11":{"name":"(anonymous_15)","decl":{"start":{"line":164,"column":8},"end":{"line":164,"column":25}},"loc":{"start":{"line":167,"column":50},"end":{"line":175,"column":3}}},"12":{"name":"(anonymous_16)","decl":{"start":{"line":183,"column":8},"end":{"line":183,"column":25}},"loc":{"start":{"line":183,"column":77},"end":{"line":185,"column":3}}}},"branchMap":{},"s":{"0":1,"1":1,"2":1,"3":1,"4":1,"5":18,"6":2,"7":2,"8":1,"9":1,"10":2,"11":2,"12":1,"13":1,"14":2,"15":2,"16":1,"17":1,"18":1,"19":1,"20":1,"21":1,"22":1,"23":1,"24":1,"25":1,"26":1,"27":1,"28":1,"29":1,"30":1,"31":1},"f":{"0":18,"1":2,"2":2,"3":1,"4":1,"5":2,"6":2,"7":1,"8":1,"9":2,"10":2,"11":1,"12":1},"b":{}}
,"D:\\Анастасия\\Desktop\\3 курс\\2 семестр\\арх_прил_бд\\лаб9\\travel-app\\src\\routes\\routes.controller.ts": {"path":"D:\\Анастасия\\Desktop\\3 курс\\2 семестр\\арх_прил_бд\\лаб9\\travel-app\\src\\routes\\routes.controller.ts","statementMap":{"0":{"start":{"line":2,"column":0},"end":{"line":2,"column":108}},"1":{"start":{"line":3,"column":0},"end":{"line":3,"column":104}},"2":{"start":{"line":4,"column":0},"end":{"line":4,"column":49}},"3":{"start":{"line":5,"column":0},"end":{"line":5,"column":61}},"4":{"start":{"line":6,"column":0},"end":{"line":6,"column":56}},"5":{"start":{"line":7,"column":0},"end":{"line":7,"column":59}},"6":{"start":{"line":11,"column":7},"end":{"line":188,"column":null}},"7":{"start":{"line":12,"column":31},"end":{"line":12,"column":46}},"8":{"start":{"line":18,"column":4},"end":{"line":18,"column":40}},"9":{"start":{"line":26,"column":19},"end":{"line":26,"column":50}},"10":{"start":{"line":27,"column":21},"end":{"line":27,"column":51}},"11":{"start":{"line":28,"column":2},"end":{"line":28,"column":57}},"12":{"start":{"line":35,"column":4},"end":{"line":35,"column":74}},"13":{"start":{"line":49,"column":20},"end":{"line":49,"column":65}},"14":{"start":{"line":50,"column":2},"end":{"line":52,"column":3}},"15":{"start":{"line":51,"column":4},"end":{"line":51,"column":28}},"16":{"start":{"line":53,"column":2},"end":{"line":53,"column":74}},"17":{"start":{"line":73,"column":17},"end":{"line":73,"column":54}},"18":{"start":{"line":74,"column":18},"end":{"line":74,"column":57}},"19":{"start":{"line":76,"column":2},"end":{"line":76,"column":70}},"20":{"start":{"line":76,"column":49},"end":{"line":76,"column":70}},"21":{"start":{"line":77,"column":2},"end":{"line":77,"column":73}},"22":{"start":{"line":77,"column":51},"end":{"line":77,"column":73}},"23":{"start":{"line":79,"column":2},"end":{"line":86,"column":5}},"24":{"start":{"line":95,"column":4},"end":{"line":95,"column":56}},"25":{"start":{"line":103,"column":4},"end":{"line":103,"column":68}},"26":{"start":{"line":115,"column":4},"end":{"line":115,"column":58}},"27":{"start":{"line":126,"column":4},"end":{"line":126,"column":72}},"28":{"start":{"line":137,"column":4},"end":{"line":137,"column":60}},"29":{"start":{"line":145,"column":4},"end":{"line":145,"column":69}},"30":{"start":{"line":161,"column":4},"end":{"line":161,"column":99}},"31":{"start":{"line":176,"column":4},"end":{"line":176,"column":103}},"32":{"start":{"line":186,"column":4},"end":{"line":186,"column":89}},"33":{"start":{"line":11,"column":13},"end":{"line":11,"column":29}},"34":{"start":{"line":17,"column":8},"end":{"line":19,"column":null}},"35":{"start":{"line":25,"column":6},"end":{"line":29,"column":null}},"36":{"start":{"line":34,"column":8},"end":{"line":36,"column":null}},"37":{"start":{"line":44,"column":6},"end":{"line":54,"column":null}},"38":{"start":{"line":65,"column":6},"end":{"line":87,"column":null}},"39":{"start":{"line":94,"column":8},"end":{"line":96,"column":null}},"40":{"start":{"line":102,"column":8},"end":{"line":104,"column":null}},"41":{"start":{"line":114,"column":8},"end":{"line":116,"column":null}},"42":{"start":{"line":125,"column":8},"end":{"line":127,"column":null}},"43":{"start":{"line":136,"column":8},"end":{"line":138,"column":null}},"44":{"start":{"line":144,"column":8},"end":{"line":146,"column":null}},"45":{"start":{"line":155,"column":8},"end":{"line":162,"column":null}},"46":{"start":{"line":170,"column":8},"end":{"line":177,"column":null}},"47":{"start":{"line":185,"column":8},"end":{"line":187,"column":null}},"48":{"start":{"line":11,"column":13},"end":{"line":188,"column":null}}},"fnMap":{"0":{"name":"(anonymous_4)","decl":{"start":{"line":12,"column":2},"end":{"line":12,"column":31}},"loc":{"start":{"line":12,"column":59},"end":{"line":12,"column":63}}},"1":{"name":"(anonymous_5)","decl":{"start":{"line":17,"column":8},"end":{"line":17,"column":15}},"loc":{"start":{"line":17,"column":15},"end":{"line":19,"column":3}}},"2":{"name":"(anonymous_6)","decl":{"start":{"line":25,"column":6},"end":{"line":25,"column":22}},"loc":{"start":{"line":25,"column":53},"end":{"line":29,"column":1}}},"3":{"name":"(anonymous_7)","decl":{"start":{"line":34,"column":8},"end":{"line":34,"column":24}},"loc":{"start":{"line":34,"column":66},"end":{"line":36,"column":3}}},"4":{"name":"(anonymous_8)","decl":{"start":{"line":44,"column":6},"end":{"line":44,"column":18}},"loc":{"start":{"line":47,"column":38},"end":{"line":54,"column":1}}},"5":{"name":"(anonymous_9)","decl":{"start":{"line":65,"column":6},"end":{"line":65,"column":20}},"loc":{"start":{"line":71,"column":36},"end":{"line":87,"column":1}}},"6":{"name":"(anonymous_10)","decl":{"start":{"line":94,"column":8},"end":{"line":94,"column":15}},"loc":{"start":{"line":94,"column":39},"end":{"line":96,"column":3}}},"7":{"name":"(anonymous_11)","decl":{"start":{"line":102,"column":8},"end":{"line":102,"column":27}},"loc":{"start":{"line":102,"column":51},"end":{"line":104,"column":3}}},"8":{"name":"(anonymous_12)","decl":{"start":{"line":114,"column":8},"end":{"line":114,"column":14}},"loc":{"start":{"line":114,"column":42},"end":{"line":116,"column":3}}},"9":{"name":"(anonymous_13)","decl":{"start":{"line":125,"column":8},"end":{"line":125,"column":14}},"loc":{"start":{"line":125,"column":63},"end":{"line":127,"column":3}}},"10":{"name":"(anonymous_14)","decl":{"start":{"line":136,"column":8},"end":{"line":136,"column":14}},"loc":{"start":{"line":136,"column":38},"end":{"line":138,"column":3}}},"11":{"name":"(anonymous_15)","decl":{"start":{"line":144,"column":8},"end":{"line":144,"column":23}},"loc":{"start":{"line":144,"column":57},"end":{"line":146,"column":3}}},"12":{"name":"(anonymous_16)","decl":{"start":{"line":155,"column":8},"end":{"line":155,"column":22}},"loc":{"start":{"line":159,"column":30},"end":{"line":162,"column":3}}},"13":{"name":"(anonymous_17)","decl":{"start":{"line":170,"column":8},"end":{"line":170,"column":25}},"loc":{"start":{"line":174,"column":30},"end":{"line":177,"column":3}}},"14":{"name":"(anonymous_18)","decl":{"start":{"line":185,"column":8},"end":{"line":185,"column":25}},"loc":{"start":{"line":185,"column":77},"end":{"line":187,"column":3}}}},"branchMap":{"0":{"loc":{"start":{"line":26,"column":19},"end":{"line":26,"column":50}},"type":"cond-expr","locations":[{"start":{"line":26,"column":27},"end":{"line":26,"column":46}},{"start":{"line":26,"column":49},"end":{"line":26,"column":50}}]},"1":{"loc":{"start":{"line":27,"column":21},"end":{"line":27,"column":51}},"type":"cond-expr","locations":[{"start":{"line":27,"column":39},"end":{"line":27,"column":40}},{"start":{"line":27,"column":43},"end":{"line":27,"column":51}}]},"2":{"loc":{"start":{"line":49,"column":20},"end":{"line":49,"column":65}},"type":"cond-expr","locations":[{"start":{"line":49,"column":31},"end":{"line":49,"column":53}},{"start":{"line":49,"column":56},"end":{"line":49,"column":65}}]},"3":{"loc":{"start":{"line":50,"column":2},"end":{"line":52,"column":3}},"type":"if","locations":[{"start":{"line":50,"column":2},"end":{"line":52,"column":3}},{"start":{},"end":{}}]},"4":{"loc":{"start":{"line":50,"column":6},"end":{"line":50,"column":53}},"type":"binary-expr","locations":[{"start":{"line":50,"column":6},"end":{"line":50,"column":31}},{"start":{"line":50,"column":35},"end":{"line":50,"column":53}}]},"5":{"loc":{"start":{"line":73,"column":17},"end":{"line":73,"column":54}},"type":"cond-expr","locations":[{"start":{"line":73,"column":25},"end":{"line":73,"column":42}},{"start":{"line":73,"column":45},"end":{"line":73,"column":54}}]},"6":{"loc":{"start":{"line":74,"column":18},"end":{"line":74,"column":57}},"type":"cond-expr","locations":[{"start":{"line":74,"column":27},"end":{"line":74,"column":45}},{"start":{"line":74,"column":48},"end":{"line":74,"column":57}}]},"7":{"loc":{"start":{"line":76,"column":2},"end":{"line":76,"column":70}},"type":"if","locations":[{"start":{"line":76,"column":2},"end":{"line":76,"column":70}},{"start":{},"end":{}}]},"8":{"loc":{"start":{"line":76,"column":6},"end":{"line":76,"column":47}},"type":"binary-expr","locations":[{"start":{"line":76,"column":6},"end":{"line":76,"column":28}},{"start":{"line":76,"column":32},"end":{"line":76,"column":47}}]},"9":{"loc":{"start":{"line":77,"column":2},"end":{"line":77,"column":73}},"type":"if","locations":[{"start":{"line":77,"column":2},"end":{"line":77,"column":73}},{"start":{},"end":{}}]},"10":{"loc":{"start":{"line":77,"column":6},"end":{"line":77,"column":49}},"type":"binary-expr","locations":[{"start":{"line":77,"column":6},"end":{"line":77,"column":29}},{"start":{"line":77,"column":33},"end":{"line":77,"column":49}}]}},"s":{"0":1,"1":1,"2":1,"3":1,"4":1,"5":1,"6":1,"7":30,"8":2,"9":3,"10":3,"11":3,"12":2,"13":4,"14":4,"15":1,"16":4,"17":8,"18":8,"19":8,"20":1,"21":8,"22":1,"23":8,"24":2,"25":1,"26":1,"27":1,"28":1,"29":2,"30":1,"31":1,"32":1,"33":1,"34":1,"35":1,"36":1,"37":1,"38":1,"39":1,"40":1,"41":1,"42":1,"43":1,"44":1,"45":1,"46":1,"47":1,"48":1},"f":{"0":30,"1":2,"2":3,"3":2,"4":4,"5":8,"6":2,"7":1,"8":1,"9":1,"10":1,"11":2,"12":1,"13":1,"14":1},"b":{"0":[2,1],"1":[1,2],"2":[2,2],"3":[1,3],"4":[4,2],"5":[3,5],"6":[3,5],"7":[1,7],"8":[8,3],"9":[1,7],"10":[8,3]}}
,"D:\\Анастасия\\Desktop\\3 курс\\2 семестр\\арх_прил_бд\\лаб9\\travel-app\\src\\tourists\\tourists.controller.ts": {"path":"D:\\Анастасия\\Desktop\\3 курс\\2 семестр\\арх_прил_бд\\лаб9\\travel-app\\src\\tourists\\tourists.controller.ts","statementMap":{"0":{"start":{"line":1,"column":0},"end":{"line":1,"column":78}},"1":{"start":{"line":2,"column":0},"end":{"line":2,"column":94}},"2":{"start":{"line":3,"column":0},"end":{"line":3,"column":53}},"3":{"start":{"line":4,"column":0},"end":{"line":4,"column":61}},"4":{"start":{"line":5,"column":0},"end":{"line":5,"column":56}},"5":{"start":{"line":6,"column":0},"end":{"line":6,"column":59}},"6":{"start":{"line":10,"column":7},"end":{"line":96,"column":null}},"7":{"start":{"line":11,"column":31},"end":{"line":11,"column":48}},"8":{"start":{"line":21,"column":4},"end":{"line":21,"column":42}},"9":{"start":{"line":32,"column":4},"end":{"line":32,"column":62}},"10":{"start":{"line":43,"column":4},"end":{"line":43,"column":72}},"11":{"start":{"line":54,"column":4},"end":{"line":54,"column":87}},"12":{"start":{"line":64,"column":4},"end":{"line":64,"column":73}},"13":{"start":{"line":74,"column":4},"end":{"line":74,"column":72}},"14":{"start":{"line":84,"column":4},"end":{"line":84,"column":73}},"15":{"start":{"line":94,"column":4},"end":{"line":94,"column":80}},"16":{"start":{"line":10,"column":13},"end":{"line":10,"column":31}},"17":{"start":{"line":20,"column":8},"end":{"line":22,"column":null}},"18":{"start":{"line":31,"column":8},"end":{"line":33,"column":null}},"19":{"start":{"line":42,"column":8},"end":{"line":44,"column":null}},"20":{"start":{"line":53,"column":8},"end":{"line":55,"column":null}},"21":{"start":{"line":63,"column":8},"end":{"line":65,"column":null}},"22":{"start":{"line":73,"column":8},"end":{"line":75,"column":null}},"23":{"start":{"line":83,"column":8},"end":{"line":85,"column":null}},"24":{"start":{"line":93,"column":8},"end":{"line":95,"column":null}},"25":{"start":{"line":10,"column":13},"end":{"line":96,"column":null}}},"fnMap":{"0":{"name":"(anonymous_4)","decl":{"start":{"line":11,"column":2},"end":{"line":11,"column":31}},"loc":{"start":{"line":11,"column":63},"end":{"line":11,"column":67}}},"1":{"name":"(anonymous_5)","decl":{"start":{"line":20,"column":8},"end":{"line":20,"column":15}},"loc":{"start":{"line":20,"column":15},"end":{"line":22,"column":3}}},"2":{"name":"(anonymous_6)","decl":{"start":{"line":31,"column":8},"end":{"line":31,"column":15}},"loc":{"start":{"line":31,"column":47},"end":{"line":33,"column":3}}},"3":{"name":"(anonymous_7)","decl":{"start":{"line":42,"column":8},"end":{"line":42,"column":18}},"loc":{"start":{"line":42,"column":50},"end":{"line":44,"column":3}}},"4":{"name":"(anonymous_8)","decl":{"start":{"line":53,"column":8},"end":{"line":53,"column":21}},"loc":{"start":{"line":53,"column":78},"end":{"line":55,"column":3}}},"5":{"name":"(anonymous_9)","decl":{"start":{"line":63,"column":8},"end":{"line":63,"column":26}},"loc":{"start":{"line":63,"column":58},"end":{"line":65,"column":3}}},"6":{"name":"(anonymous_10)","decl":{"start":{"line":73,"column":8},"end":{"line":73,"column":25}},"loc":{"start":{"line":73,"column":57},"end":{"line":75,"column":3}}},"7":{"name":"(anonymous_11)","decl":{"start":{"line":83,"column":8},"end":{"line":83,"column":26}},"loc":{"start":{"line":83,"column":58},"end":{"line":85,"column":3}}},"8":{"name":"(anonymous_12)","decl":{"start":{"line":93,"column":8},"end":{"line":93,"column":33}},"loc":{"start":{"line":93,"column":65},"end":{"line":95,"column":3}}}},"branchMap":{},"s":{"0":1,"1":1,"2":1,"3":1,"4":1,"5":1,"6":1,"7":9,"8":1,"9":2,"10":1,"11":1,"12":1,"13":1,"14":1,"15":1,"16":1,"17":1,"18":1,"19":1,"20":1,"21":1,"22":1,"23":1,"24":1,"25":1},"f":{"0":9,"1":1,"2":2,"3":1,"4":1,"5":1,"6":1,"7":1,"8":1},"b":{}}
}
