TN:
SF:src\app.controller.ts
FN:6,(anonymous_2)
FN:9,(anonymous_3)
FNF:2
FNH:2
FNDA:1,(anonymous_2)
FNDA:1,(anonymous_3)
DA:1,1
DA:2,1
DA:5,1
DA:6,1
DA:9,1
DA:10,1
LF:6
LH:6
BRF:0
BRH:0
end_of_record
TN:
SF:src\auth\auth.controller.ts
FN:11,(anonymous_4)
FN:18,(anonymous_5)
FN:26,(anonymous_6)
FN:36,(anonymous_7)
FNF:4
FNH:4
FNDA:5,(anonymous_4)
FNDA:2,(anonymous_5)
FNDA:2,(anonymous_6)
FNDA:1,(anonymous_7)
DA:1,1
DA:2,1
DA:3,1
DA:4,1
DA:5,1
DA:6,1
DA:10,1
DA:11,5
DA:18,1
DA:19,2
DA:26,1
DA:27,2
DA:36,1
DA:37,1
LF:14
LH:14
BRF:0
BRH:0
end_of_record
TN:
SF:src\bookings\bookings.controller.ts
FN:13,(anonymous_4)
FN:20,(anonymous_5)
FN:35,(anonymous_6)
FN:44,(anonymous_7)
FN:56,(anonymous_8)
FN:67,(anonymous_9)
FN:76,(anonymous_10)
FN:85,(anonymous_11)
FN:97,(anonymous_12)
FN:105,(anonymous_13)
FNF:10
FNH:10
FNDA:10,(anonymous_4)
FNDA:1,(anonymous_5)
FNDA:1,(anonymous_6)
FNDA:2,(anonymous_7)
FNDA:1,(anonymous_8)
FNDA:1,(anonymous_9)
FNDA:1,(anonymous_10)
FNDA:1,(anonymous_11)
FNDA:1,(anonymous_12)
FNDA:1,(anonymous_13)
DA:1,1
DA:2,1
DA:3,1
DA:4,1
DA:5,1
DA:6,1
DA:12,1
DA:13,10
DA:20,1
DA:21,1
DA:25,1
DA:35,1
DA:36,1
DA:44,1
DA:45,2
DA:46,1
DA:48,1
DA:56,1
DA:60,1
DA:67,1
DA:68,1
DA:76,1
DA:77,1
DA:85,1
DA:90,1
DA:97,1
DA:98,1
DA:105,1
DA:106,1
LF:29
LH:29
BRDA:45,0,0,1
BRDA:45,0,1,1
BRF:2
BRH:2
end_of_record
TN:
SF:src\guides\guides.controller.ts
FN:9,(anonymous_4)
FN:14,(anonymous_5)
FN:23,(anonymous_6)
FN:34,(anonymous_7)
FN:45,(anonymous_8)
FNF:5
FNH:5
FNDA:5,(anonymous_4)
FNDA:1,(anonymous_5)
FNDA:2,(anonymous_6)
FNDA:1,(anonymous_7)
FNDA:1,(anonymous_8)
DA:1,1
DA:2,1
DA:3,1
DA:4,1
DA:8,1
DA:9,5
DA:14,1
DA:15,1
DA:23,1
DA:24,2
DA:34,1
DA:35,1
DA:45,1
DA:46,1
LF:14
LH:14
BRF:0
BRH:0
end_of_record
TN:
SF:src\places\places.controller.ts
FN:11,(anonymous_4)
FN:16,(anonymous_5)
FN:24,(anonymous_6)
FN:34,(anonymous_7)
FN:42,(anonymous_8)
FN:54,(anonymous_9)
FN:71,(anonymous_10)
FN:83,(anonymous_11)
FN:94,(anonymous_12)
FN:105,(anonymous_13)
FN:113,(anonymous_14)
FN:124,(anonymous_15)
FN:138,(anonymous_16)
FN:152,(anonymous_17)
FNF:14
FNH:14
FNDA:22,(anonymous_4)
FNDA:1,(anonymous_5)
FNDA:3,(anonymous_6)
FNDA:2,(anonymous_7)
FNDA:2,(anonymous_8)
FNDA:4,(anonymous_9)
FNDA:2,(anonymous_10)
FNDA:1,(anonymous_11)
FNDA:1,(anonymous_12)
FNDA:1,(anonymous_13)
FNDA:2,(anonymous_14)
FNDA:1,(anonymous_15)
FNDA:1,(anonymous_16)
FNDA:1,(anonymous_17)
DA:1,1
DA:2,1
DA:3,1
DA:4,1
DA:5,1
DA:6,1
DA:10,1
DA:11,22
DA:16,1
DA:17,1
DA:24,1
DA:25,3
DA:26,3
DA:27,3
DA:34,1
DA:35,2
DA:42,1
DA:43,2
DA:54,1
DA:60,4
DA:62,4
DA:63,4
DA:71,1
DA:72,2
DA:83,1
DA:84,1
DA:94,1
DA:95,1
DA:105,1
DA:106,1
DA:113,1
DA:114,2
DA:124,1
DA:129,1
DA:138,1
DA:143,1
DA:152,1
DA:156,1
LF:38
LH:38
BRDA:25,0,0,2
BRDA:25,0,1,1
BRDA:26,1,0,1
BRDA:26,1,1,2
BRDA:60,2,0,2
BRDA:60,2,1,2
BRDA:62,3,0,1
BRDA:62,3,1,3
BRDA:62,4,0,4
BRDA:62,4,1,2
BRF:10
BRH:10
end_of_record
TN:
SF:src\reviews\reviews.controller.ts
FN:9,(anonymous_4)
FN:15,(anonymous_5)
FN:26,(anonymous_6)
FN:46,(anonymous_7)
FN:65,(anonymous_8)
FN:74,(anonymous_9)
FN:85,(anonymous_10)
FN:105,(anonymous_11)
FN:124,(anonymous_12)
FN:133,(anonymous_13)
FN:144,(anonymous_14)
FN:164,(anonymous_15)
FN:183,(anonymous_16)
FNF:13
FNH:13
FNDA:18,(anonymous_4)
FNDA:2,(anonymous_5)
FNDA:2,(anonymous_6)
FNDA:1,(anonymous_7)
FNDA:1,(anonymous_8)
FNDA:2,(anonymous_9)
FNDA:2,(anonymous_10)
FNDA:1,(anonymous_11)
FNDA:1,(anonymous_12)
FNDA:2,(anonymous_13)
FNDA:2,(anonymous_14)
FNDA:1,(anonymous_15)
FNDA:1,(anonymous_16)
DA:1,1
DA:2,1
DA:3,1
DA:4,1
DA:8,1
DA:9,18
DA:15,1
DA:16,2
DA:26,1
DA:31,2
DA:46,1
DA:51,1
DA:65,1
DA:66,1
DA:74,1
DA:75,2
DA:85,1
DA:90,2
DA:105,1
DA:110,1
DA:124,1
DA:125,1
DA:133,1
DA:134,2
DA:144,1
DA:149,2
DA:164,1
DA:169,1
DA:183,1
DA:184,1
LF:30
LH:30
BRF:0
BRH:0
end_of_record
TN:
SF:src\routes\routes.controller.ts
FN:12,(anonymous_4)
FN:17,(anonymous_5)
FN:25,(anonymous_6)
FN:34,(anonymous_7)
FN:44,(anonymous_8)
FN:65,(anonymous_9)
FN:94,(anonymous_10)
FN:102,(anonymous_11)
FN:114,(anonymous_12)
FN:125,(anonymous_13)
FN:136,(anonymous_14)
FN:144,(anonymous_15)
FN:155,(anonymous_16)
FN:170,(anonymous_17)
FN:185,(anonymous_18)
FNF:15
FNH:15
FNDA:30,(anonymous_4)
FNDA:2,(anonymous_5)
FNDA:3,(anonymous_6)
FNDA:2,(anonymous_7)
FNDA:4,(anonymous_8)
FNDA:8,(anonymous_9)
FNDA:2,(anonymous_10)
FNDA:1,(anonymous_11)
FNDA:1,(anonymous_12)
FNDA:1,(anonymous_13)
FNDA:1,(anonymous_14)
FNDA:2,(anonymous_15)
FNDA:1,(anonymous_16)
FNDA:1,(anonymous_17)
FNDA:1,(anonymous_18)
DA:2,1
DA:3,1
DA:4,1
DA:5,1
DA:6,1
DA:7,1
DA:11,1
DA:12,30
DA:17,1
DA:18,2
DA:25,1
DA:26,3
DA:27,3
DA:28,3
DA:34,1
DA:35,2
DA:44,1
DA:49,4
DA:50,4
DA:51,1
DA:53,4
DA:65,1
DA:73,8
DA:74,8
DA:76,8
DA:77,8
DA:79,8
DA:94,1
DA:95,2
DA:102,1
DA:103,1
DA:114,1
DA:115,1
DA:125,1
DA:126,1
DA:136,1
DA:137,1
DA:144,1
DA:145,2
DA:155,1
DA:161,1
DA:170,1
DA:176,1
DA:185,1
DA:186,1
LF:45
LH:45
BRDA:26,0,0,2
BRDA:26,0,1,1
BRDA:27,1,0,1
BRDA:27,1,1,2
BRDA:49,2,0,2
BRDA:49,2,1,2
BRDA:50,3,0,1
BRDA:50,3,1,3
BRDA:50,4,0,4
BRDA:50,4,1,2
BRDA:73,5,0,3
BRDA:73,5,1,5
BRDA:74,6,0,3
BRDA:74,6,1,5
BRDA:76,7,0,1
BRDA:76,7,1,7
BRDA:76,8,0,8
BRDA:76,8,1,3
BRDA:77,9,0,1
BRDA:77,9,1,7
BRDA:77,10,0,8
BRDA:77,10,1,3
BRF:22
BRH:22
end_of_record
TN:
SF:src\tourists\tourists.controller.ts
FN:11,(anonymous_4)
FN:20,(anonymous_5)
FN:31,(anonymous_6)
FN:42,(anonymous_7)
FN:53,(anonymous_8)
FN:63,(anonymous_9)
FN:73,(anonymous_10)
FN:83,(anonymous_11)
FN:93,(anonymous_12)
FNF:9
FNH:9
FNDA:9,(anonymous_4)
FNDA:1,(anonymous_5)
FNDA:2,(anonymous_6)
FNDA:1,(anonymous_7)
FNDA:1,(anonymous_8)
FNDA:1,(anonymous_9)
FNDA:1,(anonymous_10)
FNDA:1,(anonymous_11)
FNDA:1,(anonymous_12)
DA:1,1
DA:2,1
DA:3,1
DA:4,1
DA:5,1
DA:6,1
DA:10,1
DA:11,9
DA:20,1
DA:21,1
DA:31,1
DA:32,2
DA:42,1
DA:43,1
DA:53,1
DA:54,1
DA:63,1
DA:64,1
DA:73,1
DA:74,1
DA:83,1
DA:84,1
DA:93,1
DA:94,1
LF:24
LH:24
BRF:0
BRH:0
end_of_record
